Content-Type: text/plain; charset="utf-8"
MIME-Version: 1.0
Content-Transfer-Encoding: 7bit
Subject: Password reset on 127.0.0.1:8000
From: webmaster@localhost
To: adepts731@gmail.com
Date: Wed, 29 Jan 2025 15:59:15 -0000
Message-ID: <173816635553.1428.5492191787326752540@DESKTOP-9SCGRTS>

Someone asked for password reset for email adepts731@gmail.com. Follow thelink below:
http://127.0.0.1:8000/users/auth/password_reset_confirm/MQ/ckesyr-bff3afff3615d709b2a10735cf34dcae/
Your username, in case you've forgotten: Admin
-------------------------------------------------------------------------------
Content-Type: text/plain; charset="utf-8"
MIME-Version: 1.0
Content-Transfer-Encoding: 7bit
Subject: Password reset on 127.0.0.1:8000
From: webmaster@localhost
To: adepts731@gmail.com
Date: Wed, 29 Jan 2025 15:59:15 -0000
Message-ID: <173816635554.1428.4020386305392301620@DESKTOP-9SCGRTS>

Someone asked for password reset for email adepts731@gmail.com. Follow thelink below:
http://127.0.0.1:8000/users/auth/password_reset_confirm/Mg/ckesyr-63c1c9ffa70bdf2b34085cf7b7687ffd/
Your username, in case you've forgotten: asdasd
-------------------------------------------------------------------------------
